<?xml version="1.0" encoding="UTF-8"?>
<!-- Generated by org.testng.reporters.JUnitReportReporter -->
<testsuite hostname="TYSS-Shobha" failures="0" tests="2" name="TestNg.SoftAssertEx" time="0.013" errors="0" timestamp="2023-06-17T20:42:22 IST" skipped="0">
  <testcase classname="TestNg.SoftAssertEx" name="m2" time="0.002"/>
  <system-out/>
  <testcase classname="TestNg.SoftAssertEx" name="m1" time="0.011"/>
  <system-out/>
</testsuite> <!-- TestNg.SoftAssertEx -->
