<?xml version="1.0" encoding="UTF-8"?>
<!-- Generated by org.testng.reporters.JUnitReportReporter -->
<testsuite hostname="TYSS-Shobha" failures="0" tests="1" name="TestNg.ScreenShotEx" time="36.909" errors="0" timestamp="2023-06-18T22:32:29 IST" skipped="0">
  <testcase classname="TestNg.ScreenShotEx" name="m1" time="36.909"/>
  <system-out/>
</testsuite> <!-- TestNg.ScreenShotEx -->
