<?xml version="1.0" encoding="UTF-8"?>
<!-- Generated by org.testng.reporters.JUnitReportReporter -->
<testsuite hostname="TYSS-Shobha" failures="0" tests="5" name="TestNg.Demo" time="0.015" errors="0" timestamp="2023-06-16T20:34:31 IST" skipped="0">
  <testcase classname="TestNg.Demo" name="modifyContact" time="0.001"/>
  <system-out/>
  <testcase classname="TestNg.Demo" name="deleteContact" time="0.001"/>
  <system-out/>
  <testcase classname="TestNg.Demo" name="modifyContact" time="0.000"/>
  <system-out/>
  <testcase classname="TestNg.Demo" name="modifyContact" time="0.001"/>
  <system-out/>
  <testcase classname="TestNg.Demo" name="createContact" time="0.012"/>
  <system-out/>
</testsuite> <!-- TestNg.Demo -->
