<?xml version="1.0" encoding="UTF-8"?>
<!-- Generated by org.testng.reporters.JUnitReportReporter -->
<testsuite hostname="TYSS-Shobha" failures="0" tests="1" name="TestNg.Class1Test" time="3.939" errors="0" timestamp="2023-06-18T22:32:54 IST" skipped="0">
  <testcase classname="TestNg.Class1Test" name="m1" time="3.939"/>
  <system-out/>
</testsuite> <!-- TestNg.Class1Test -->
