<?xml version="1.0" encoding="UTF-8"?>
<!-- Generated by org.testng.reporters.JUnitReportReporter -->
<testsuite hostname="TYSS-Shobha" failures="0" tests="1" name="TestNg.Class2" time="4.506" errors="0" timestamp="2023-06-18T22:32:54 IST" skipped="0">
  <testcase classname="TestNg.Class2" name="m2" time="4.506"/>
  <system-out/>
</testsuite> <!-- TestNg.Class2 -->
