<?xml version="1.0" encoding="UTF-8"?>
<!-- Generated by org.testng.reporters.JUnitReportReporter -->
<testsuite hostname="TYSS-Shobha" failures="0" tests="1" name="TestNg.Class3" time="13.924" errors="0" timestamp="2023-06-18T22:32:54 IST" skipped="0">
  <testcase classname="TestNg.Class3" name="m3" time="13.924"/>
  <system-out/>
</testsuite> <!-- TestNg.Class3 -->
