<?xml version="1.0" encoding="UTF-8"?>
<!-- Generated by org.testng.reporters.JUnitReportReporter -->
<testsuite hostname="TYSS-Shobha" failures="0" tests="1" name="Locators.Locators" time="12.748" errors="0" timestamp="2023-06-17T19:52:12 IST" skipped="0">
  <testcase classname="Locators.Locators" name="locatorsEx" time="12.748"/>
  <system-out/>
</testsuite> <!-- Locators.Locators -->
