<?xml version="1.0" encoding="UTF-8"?>
<!-- Generated by org.testng.reporters.JUnitReportReporter -->
<testsuite hostname="TYSS-Shobha" failures="0" tests="1" name="Locators.Xpath" time="10.167" errors="0" timestamp="2023-06-17T19:28:49 IST" skipped="0">
  <testcase classname="Locators.Xpath" name="xpathExecution" time="10.167"/>
  <system-out/>
</testsuite> <!-- Locators.Xpath -->
