<?xml version="1.0" encoding="UTF-8"?>
<!-- Generated by org.testng.reporters.JUnitReportReporter -->
<testsuite hostname="TYSS-Shobha" failures="0" tests="1" name="TestNg.HardAssertEx" time="0.011" errors="0" timestamp="2023-06-17T20:22:02 IST" skipped="0">
  <testcase classname="TestNg.HardAssertEx" name="m2" time="0.011"/>
  <system-out/>
</testsuite> <!-- TestNg.HardAssertEx -->
