<?xml version="1.0" encoding="UTF-8"?>
<!-- Generated by org.testng.reporters.JUnitReportReporter -->
<testsuite hostname="TYSS-Shobha" failures="0" tests="1" name="Pratice.SikuliExa" time="5.351" errors="0" timestamp="2023-07-05T08:35:55 IST" skipped="0">
  <testcase classname="Pratice.SikuliExa" name="m1" time="5.351"/>
  <system-out/>
</testsuite> <!-- Pratice.SikuliExa -->
