<?xml version="1.0" encoding="UTF-8"?>
<!-- Generated by org.testng.reporters.JUnitReportReporter -->
<testsuite hostname="TYSS-Shobha" failures="0" tests="1" name="Locators.TypesOfLocators" time="8.437" errors="0" timestamp="2023-06-17T19:38:46 IST" skipped="0">
  <testcase classname="Locators.TypesOfLocators" name="actiTime" time="8.437"/>
  <system-out/>
</testsuite> <!-- Locators.TypesOfLocators -->
